Using pre-set license
Built from '2022.3/release' branch; Version is '2022.3.61f1 (6c53ebaf375d) revision 7099371'; Using compiler version '192829333'; Build Type 'Release'
OS: 'Windows 11  (10.0.22631) 64bit Core' Language: 'ko' Physical Memory: 16005 MB
BatchMode: 1, IsHumanControllingUs: 0, StartBugReporterOnCrash: 0, Is64bit: 1, IsPro: 1

COMMAND LINE ARGUMENTS:
C:\Unity\2022.3.61f1\Editor\Unity.exe
-adb2
-batchMode
-noUpm
-name
AssetImportWorker1
-projectPath
C:/Users/82108/Desktop/code/The_Avarice
-logFile
Logs/AssetImportWorker1.log
-srvPort
49841
Successfully changed project path to: C:/Users/82108/Desktop/code/The_Avarice
C:/Users/82108/Desktop/code/The_Avarice
[UnityMemory] Configuration Parameters - Can be set up in boot.config
    "memorysetup-bucket-allocator-granularity=16"
    "memorysetup-bucket-allocator-bucket-count=8"
    "memorysetup-bucket-allocator-block-size=33554432"
    "memorysetup-bucket-allocator-block-count=8"
    "memorysetup-main-allocator-block-size=16777216"
    "memorysetup-thread-allocator-block-size=16777216"
    "memorysetup-gfx-main-allocator-block-size=16777216"
    "memorysetup-gfx-thread-allocator-block-size=16777216"
    "memorysetup-cache-allocator-block-size=4194304"
    "memorysetup-typetree-allocator-block-size=2097152"
    "memorysetup-profiler-bucket-allocator-granularity=16"
    "memorysetup-profiler-bucket-allocator-bucket-count=8"
    "memorysetup-profiler-bucket-allocator-block-size=33554432"
    "memorysetup-profiler-bucket-allocator-block-count=8"
    "memorysetup-profiler-allocator-block-size=16777216"
    "memorysetup-profiler-editor-allocator-block-size=1048576"
    "memorysetup-temp-allocator-size-main=16777216"
    "memorysetup-job-temp-allocator-block-size=2097152"
    "memorysetup-job-temp-allocator-block-size-background=1048576"
    "memorysetup-job-temp-allocator-reduction-small-platforms=262144"
    "memorysetup-allocator-temp-initial-block-size-main=262144"
    "memorysetup-allocator-temp-initial-block-size-worker=262144"
    "memorysetup-temp-allocator-size-background-worker=32768"
    "memorysetup-temp-allocator-size-job-worker=262144"
    "memorysetup-temp-allocator-size-preload-manager=33554432"
    "memorysetup-temp-allocator-size-nav-mesh-worker=65536"
    "memorysetup-temp-allocator-size-audio-worker=65536"
    "memorysetup-temp-allocator-size-cloud-worker=32768"
    "memorysetup-temp-allocator-size-gi-baking-worker=262144"
    "memorysetup-temp-allocator-size-gfx=262144"
Player connection [9572]  Target information:

Player connection [9572]  * "[IP] 192.168.123.144 [Port] 0 [Flags] 2 [Guid] 457235167 [EditorId] 457235167 [Version] 1048832 [Id] WindowsEditor(7,LAPTOP-FH2JES9U) [Debug] 1 [PackageName] WindowsEditor [ProjectName] Editor" 

Player connection [9572] Host joined multi-casting on [225.0.0.222:54997]...
Player connection [9572] Host joined alternative multi-casting on [225.0.0.222:34997]...
Input System module state changed to: Initialized.
[PhysX] Initialized MultithreadedTaskDispatcher with 16 workers.
Refreshing native plugins compatible for Editor in 1681.94 ms, found 4 plugins.
Preloading 0 native plugins for Editor in 0.00 ms.
Initialize engine version: 2022.3.61f1 (6c53ebaf375d)
[Subsystems] Discovering subsystems at path C:/Unity/2022.3.61f1/Editor/Data/Resources/UnitySubsystems
[Subsystems] Discovering subsystems at path C:/Users/82108/Desktop/code/The_Avarice/Assets
GfxDevice: creating device client; threaded=0; jobified=0
Direct3D:
    Version:  Direct3D 11.0 [level 11.1]
    Renderer: NVIDIA GeForce RTX 3060 Laptop GPU (ID=0x2520)
    Vendor:   NVIDIA
    VRAM:     5996 MB
    Driver:   32.0.15.6119
Initialize mono
Mono path[0] = 'C:/Unity/2022.3.61f1/Editor/Data/Managed'
Mono path[1] = 'C:/Unity/2022.3.61f1/Editor/Data/MonoBleedingEdge/lib/mono/unityjit-win32'
Mono config path = 'C:/Unity/2022.3.61f1/Editor/Data/MonoBleedingEdge/etc'
Using monoOptions --debugger-agent=transport=dt_socket,embedding=1,server=y,suspend=n,address=127.0.0.1:56356
Begin MonoManager ReloadAssembly
Registering precompiled unity dll's ...
Register platform support module: C:/Unity/2022.3.61f1/Editor/Data/PlaybackEngines/WindowsStandaloneSupport/UnityEditor.WindowsStandalone.Extensions.dll
Registered in 0.159807 seconds.
- Loaded All Assemblies, in  9.129 seconds
Native extension for WindowsStandalone target not found
Mono: successfully reloaded assembly
- Finished resetting the current domain, in  0.347 seconds
Domain Reload Profiling: 9473ms
	BeginReloadAssembly (7113ms)
		ExecutionOrderSort (0ms)
		DisableScriptedObjects (0ms)
		BackupInstance (0ms)
		ReleaseScriptingObjects (0ms)
		CreateAndSetChildDomain (1ms)
	RebuildCommonClasses (522ms)
	RebuildNativeTypeToScriptingClass (13ms)
	initialDomainReloadingComplete (213ms)
	LoadAllAssembliesAndSetupDomain (1265ms)
		LoadAssemblies (7110ms)
		RebuildTransferFunctionScriptingTraits (0ms)
		AnalyzeDomain (1263ms)
			TypeCache.Refresh (1261ms)
				TypeCache.ScanAssembly (974ms)
			ScanForSourceGeneratedMonoScriptInfo (0ms)
			ResolveRequiredComponents (1ms)
	FinalizeReload (347ms)
		ReleaseScriptCaches (0ms)
		RebuildScriptCaches (0ms)
		SetupLoadedEditorAssemblies (287ms)
			LogAssemblyErrors (0ms)
			InitializePlatformSupportModulesInManaged (10ms)
			SetLoadedEditorAssemblies (8ms)
			RefreshPlugins (0ms)
			BeforeProcessingInitializeOnLoad (2ms)
			ProcessInitializeOnLoadAttributes (193ms)
			ProcessInitializeOnLoadMethodAttributes (74ms)
			AfterProcessingInitializeOnLoad (0ms)
			EditorAssembliesLoaded (0ms)
		ExecutionOrderSort2 (0ms)
		AwakeInstancesAfterBackupRestoration (0ms)
========================================================================
Worker process is ready to serve import requests
Caller must complete domain reload
Begin MonoManager ReloadAssembly
- Loaded All Assemblies, in  8.852 seconds
Native extension for WindowsStandalone target not found
Mono: successfully reloaded assembly
- Finished resetting the current domain, in  0.891 seconds
Domain Reload Profiling: 9737ms
	BeginReloadAssembly (153ms)
		ExecutionOrderSort (0ms)
		DisableScriptedObjects (6ms)
		BackupInstance (0ms)
		ReleaseScriptingObjects (0ms)
		CreateAndSetChildDomain (23ms)
	RebuildCommonClasses (39ms)
	RebuildNativeTypeToScriptingClass (14ms)
	initialDomainReloadingComplete (50ms)
	LoadAllAssembliesAndSetupDomain (8590ms)
		LoadAssemblies (8082ms)
		RebuildTransferFunctionScriptingTraits (0ms)
		AnalyzeDomain (592ms)
			TypeCache.Refresh (535ms)
				TypeCache.ScanAssembly (446ms)
			ScanForSourceGeneratedMonoScriptInfo (41ms)
			ResolveRequiredComponents (14ms)
	FinalizeReload (891ms)
		ReleaseScriptCaches (0ms)
		RebuildScriptCaches (0ms)
		SetupLoadedEditorAssemblies (692ms)
			LogAssemblyErrors (0ms)
			InitializePlatformSupportModulesInManaged (8ms)
			SetLoadedEditorAssemblies (5ms)
			RefreshPlugins (0ms)
			BeforeProcessingInitializeOnLoad (106ms)
			ProcessInitializeOnLoadAttributes (463ms)
			ProcessInitializeOnLoadMethodAttributes (100ms)
			AfterProcessingInitializeOnLoad (11ms)
			EditorAssembliesLoaded (0ms)
		ExecutionOrderSort2 (0ms)
		AwakeInstancesAfterBackupRestoration (7ms)
Launched and connected shader compiler UnityShaderCompiler.exe after 0.09 seconds
Refreshing native plugins compatible for Editor in 8.36 ms, found 4 plugins.
Preloading 0 native plugins for Editor in 0.00 ms.
Unloading 5632 Unused Serialized files (Serialized files now loaded: 0)
Unloading 33 unused Assets / (345.8 KB). Loaded Objects now: 6100.
Memory consumption went from 218.8 MB to 218.5 MB.
Total: 4.783700 ms (FindLiveObjects: 0.384400 ms CreateObjectMapping: 0.249200 ms MarkObjects: 3.980100 ms  DeleteObjects: 0.169100 ms)

AssetImportParameters requested are different than current active one (requested -> active):
  custom:container-demuxer-ogg: 62fdf1f143b41e24485cea50d1cbac27 -> 
  custom:video-codec-MediaFoundation-h265: 746d11721c4dcdbdad8f713fa42b33f4 -> 
  custom:video-decoder-ogg-theora: a1e56fd34408186e4bbccfd4996cb3dc -> 
  custom:framework-win-MediaFoundation: 216162199b28c13a410421893ffa2e32 -> 
  custom:CustomObjectIndexerAttribute: 72b91833f83ae208fae7752999fa3104 -> 
  custom:container-demuxer-webm: 4f35f7cbe854078d1ac9338744f61a02 -> 
  custom:container-muxer-webm: aa71ff27fc2769a1b78a27578f13a17b -> 
  custom:video-decoder-webm-vp8: 9c59270c3fd7afecdb556c50c9e8de78 -> 
  custom:SearchIndexIgnoredProperties: e643bd26f0fe6173181afceb89e7c659 -> 
  custom:AudioImporter_EditorPlatform: d09bf68614088b80899f8185d706f6e7 -> 
  custom:video-encoder-webm-vp8: eb34c28f22e8b96e1ab97ce403110664 -> 
  custom:audio-decoder-ogg-vorbis: bf7c407c2cedff20999df2af8eb42d56 -> 
  custom:audio-encoder-webm-vorbis: bf7c407c2cedff20999df2af8eb42d56 -> 
========================================================================
Received Import Request.
  Time since last request: 10090.592013 seconds.
  path: Assets/Sprites/paladin/Paladin/Sprites/Attacks/GuardedAtk/Looped/All/GuardedAtkLoop2.png
  artifactKey: Guid(a7c5e107293fa5746bc6e29d5b399f0c) Importer(815301076,1909f56bfc062723c751e8b465ee728b)
Start importing Assets/Sprites/paladin/Paladin/Sprites/Attacks/GuardedAtk/Looped/All/GuardedAtkLoop2.png using Guid(a7c5e107293fa5746bc6e29d5b399f0c) Importer(815301076,1909f56bfc062723c751e8b465ee728b) [PhysX] Initialized MultithreadedTaskDispatcher with 16 workers.
[PhysX] Initialized MultithreadedTaskDispatcher with 16 workers.
 -> (artifact id: 'a24a6c6b5f55e5232331a08d9c56c570') in 0.256566 seconds
Number of updated asset objects reloaded before import = 0
Number of asset objects unloaded after import = 3
========================================================================
Received Import Request.
  Time since last request: 0.005926 seconds.
  path: Assets/Sprites/paladin/Paladin/Sprites/Attacks/GuardedAtk/Looped/All/GuardedAtkLoop13.png
  artifactKey: Guid(24c9bbc2791beeb47a6e2ce4c4fe335c) Importer(815301076,1909f56bfc062723c751e8b465ee728b)
Start importing Assets/Sprites/paladin/Paladin/Sprites/Attacks/GuardedAtk/Looped/All/GuardedAtkLoop13.png using Guid(24c9bbc2791beeb47a6e2ce4c4fe335c) Importer(815301076,1909f56bfc062723c751e8b465ee728b) [PhysX] Initialized MultithreadedTaskDispatcher with 16 workers.
[PhysX] Initialized MultithreadedTaskDispatcher with 16 workers.
 -> (artifact id: 'ff6007d79926cdccff5938e642b360bd') in 0.016271 seconds
Number of updated asset objects reloaded before import = 0
Number of asset objects unloaded after import = 3
========================================================================
Received Import Request.
  Time since last request: 0.000025 seconds.
  path: Assets/Sprites/paladin/Paladin/Sprites/Attacks/GuardedAtk/Looped/All/GuardedAtkLoop18.png
  artifactKey: Guid(5944d53826c4bb94f8fe7a9ebbffe488) Importer(815301076,1909f56bfc062723c751e8b465ee728b)
Start importing Assets/Sprites/paladin/Paladin/Sprites/Attacks/GuardedAtk/Looped/All/GuardedAtkLoop18.png using Guid(5944d53826c4bb94f8fe7a9ebbffe488) Importer(815301076,1909f56bfc062723c751e8b465ee728b) [PhysX] Initialized MultithreadedTaskDispatcher with 16 workers.
[PhysX] Initialized MultithreadedTaskDispatcher with 16 workers.
 -> (artifact id: '4bb196cc6bdd23041eaf7374d3d40ea0') in 0.027702 seconds
Number of updated asset objects reloaded before import = 0
Number of asset objects unloaded after import = 3
========================================================================
Received Import Request.
  Time since last request: 0.000023 seconds.
  path: Assets/Sprites/paladin/Paladin/Sprites/Attacks/GuardedAtk/Looped/All/GuardedAtkLoop14.png
  artifactKey: Guid(4ca7726156f7337459a1f5922f4cceb8) Importer(815301076,1909f56bfc062723c751e8b465ee728b)
Start importing Assets/Sprites/paladin/Paladin/Sprites/Attacks/GuardedAtk/Looped/All/GuardedAtkLoop14.png using Guid(4ca7726156f7337459a1f5922f4cceb8) Importer(815301076,1909f56bfc062723c751e8b465ee728b) [PhysX] Initialized MultithreadedTaskDispatcher with 16 workers.
[PhysX] Initialized MultithreadedTaskDispatcher with 16 workers.
 -> (artifact id: '33ee731c912202c2d48fd689b8222683') in 0.014943 seconds
Number of updated asset objects reloaded before import = 0
Number of asset objects unloaded after import = 3
========================================================================
Received Import Request.
  Time since last request: 0.000024 seconds.
  path: Assets/Sprites/paladin/Paladin/Sprites/Attacks/GuardedAtk/Looped/All/GuardedAtkLoop5.png
  artifactKey: Guid(04abf5aca0ae27b46a5a41e36f4f4ca7) Importer(815301076,1909f56bfc062723c751e8b465ee728b)
Start importing Assets/Sprites/paladin/Paladin/Sprites/Attacks/GuardedAtk/Looped/All/GuardedAtkLoop5.png using Guid(04abf5aca0ae27b46a5a41e36f4f4ca7) Importer(815301076,1909f56bfc062723c751e8b465ee728b) [PhysX] Initialized MultithreadedTaskDispatcher with 16 workers.
[PhysX] Initialized MultithreadedTaskDispatcher with 16 workers.
 -> (artifact id: '2dad7b4fcc785bbe102200e4d3ac3d0d') in 0.030310 seconds
Number of updated asset objects reloaded before import = 0
Number of asset objects unloaded after import = 3
========================================================================
Received Import Request.
  Time since last request: 0.000026 seconds.
  path: Assets/Sprites/paladin/Paladin/Sprites/Attacks/GuardedAtk/Looped/All/GuardedAtkLoop11.png
  artifactKey: Guid(4dc5d8fc6899ced4b8eaacfb15abc226) Importer(815301076,1909f56bfc062723c751e8b465ee728b)
Start importing Assets/Sprites/paladin/Paladin/Sprites/Attacks/GuardedAtk/Looped/All/GuardedAtkLoop11.png using Guid(4dc5d8fc6899ced4b8eaacfb15abc226) Importer(815301076,1909f56bfc062723c751e8b465ee728b) [PhysX] Initialized MultithreadedTaskDispatcher with 16 workers.
[PhysX] Initialized MultithreadedTaskDispatcher with 16 workers.
 -> (artifact id: 'bb0bb6dcafc16d48210110ddbd460ec8') in 0.033007 seconds
Number of updated asset objects reloaded before import = 0
Number of asset objects unloaded after import = 3
========================================================================
Received Import Request.
  Time since last request: 0.000276 seconds.
  path: Assets/Sprites/paladin/Paladin/Sprites/Attacks/GuardedAtk/Looped/All/GuardedAtkLoop3.png
  artifactKey: Guid(2e56b9ba113e04540960a782bc2850f1) Importer(815301076,1909f56bfc062723c751e8b465ee728b)
Start importing Assets/Sprites/paladin/Paladin/Sprites/Attacks/GuardedAtk/Looped/All/GuardedAtkLoop3.png using Guid(2e56b9ba113e04540960a782bc2850f1) Importer(815301076,1909f56bfc062723c751e8b465ee728b) [PhysX] Initialized MultithreadedTaskDispatcher with 16 workers.
[PhysX] Initialized MultithreadedTaskDispatcher with 16 workers.
 -> (artifact id: 'f0b489a0204e7f711d4d4e1763fd6d1c') in 0.023121 seconds
Number of updated asset objects reloaded before import = 0
Number of asset objects unloaded after import = 3
========================================================================
Received Import Request.
  Time since last request: 1.699112 seconds.
  path: Assets/Sprites/paladin/Paladin/Sprites/Attacks/GuardedAtk/Looped/All/Shorted/GuardedAtkShorted2.png
  artifactKey: Guid(11414c64be50cb749a145850c3f9190a) Importer(815301076,1909f56bfc062723c751e8b465ee728b)
Start importing Assets/Sprites/paladin/Paladin/Sprites/Attacks/GuardedAtk/Looped/All/Shorted/GuardedAtkShorted2.png using Guid(11414c64be50cb749a145850c3f9190a) Importer(815301076,1909f56bfc062723c751e8b465ee728b) [PhysX] Initialized MultithreadedTaskDispatcher with 16 workers.
[PhysX] Initialized MultithreadedTaskDispatcher with 16 workers.
 -> (artifact id: '53821b18581e4fbf6ca536d05ec11e3d') in 0.009404 seconds
Number of updated asset objects reloaded before import = 0
Number of asset objects unloaded after import = 3
========================================================================
Received Import Request.
  Time since last request: 0.000023 seconds.
  path: Assets/Sprites/paladin/Paladin/Sprites/Attacks/GuardedAtk/Looped/All/Shorted/GuardedAtkShorted5.png
  artifactKey: Guid(3ccbbf03734815e469dc47db3800461d) Importer(815301076,1909f56bfc062723c751e8b465ee728b)
Start importing Assets/Sprites/paladin/Paladin/Sprites/Attacks/GuardedAtk/Looped/All/Shorted/GuardedAtkShorted5.png using Guid(3ccbbf03734815e469dc47db3800461d) Importer(815301076,1909f56bfc062723c751e8b465ee728b) [PhysX] Initialized MultithreadedTaskDispatcher with 16 workers.
[PhysX] Initialized MultithreadedTaskDispatcher with 16 workers.
 -> (artifact id: 'bda9a3faf68a750340af7648f2833c53') in 0.008385 seconds
Number of updated asset objects reloaded before import = 0
Number of asset objects unloaded after import = 3
========================================================================
Received Import Request.
  Time since last request: 0.000025 seconds.
  path: Assets/Sprites/paladin/Paladin/Sprites/Attacks/GuardedAtk/Looped/All/Shorted/GuardedAtkShorted8.png
  artifactKey: Guid(052614633b73a2d4c8b7ae5496a00a45) Importer(815301076,1909f56bfc062723c751e8b465ee728b)
Start importing Assets/Sprites/paladin/Paladin/Sprites/Attacks/GuardedAtk/Looped/All/Shorted/GuardedAtkShorted8.png using Guid(052614633b73a2d4c8b7ae5496a00a45) Importer(815301076,1909f56bfc062723c751e8b465ee728b) [PhysX] Initialized MultithreadedTaskDispatcher with 16 workers.
[PhysX] Initialized MultithreadedTaskDispatcher with 16 workers.
 -> (artifact id: 'fbb64426e5126f86401560580ef7cb68') in 0.013246 seconds
Number of updated asset objects reloaded before import = 0
Number of asset objects unloaded after import = 3
========================================================================
Received Import Request.
  Time since last request: 0.000018 seconds.
  path: Assets/Sprites/paladin/Paladin/Sprites/Attacks/GuardedAtk/Looped/All/Shorted/GuardedAtkShorted11.png
  artifactKey: Guid(7fd8925a4d10682489deaa3bf74563a7) Importer(815301076,1909f56bfc062723c751e8b465ee728b)
Start importing Assets/Sprites/paladin/Paladin/Sprites/Attacks/GuardedAtk/Looped/All/Shorted/GuardedAtkShorted11.png using Guid(7fd8925a4d10682489deaa3bf74563a7) Importer(815301076,1909f56bfc062723c751e8b465ee728b) [PhysX] Initialized MultithreadedTaskDispatcher with 16 workers.
[PhysX] Initialized MultithreadedTaskDispatcher with 16 workers.
 -> (artifact id: 'ca3c83d12826fb766de8927e5a1abff8') in 0.032804 seconds
Number of updated asset objects reloaded before import = 0
Number of asset objects unloaded after import = 3
========================================================================
Received Import Request.
  Time since last request: 0.000152 seconds.
  path: Assets/Sprites/paladin/Paladin/Sprites/Attacks/GuardedAtk/Looped/All/Shorted/GuardedAtkShorted14.png
  artifactKey: Guid(d08fcb740433a2a47a5eeb28e763ea28) Importer(815301076,1909f56bfc062723c751e8b465ee728b)
Start importing Assets/Sprites/paladin/Paladin/Sprites/Attacks/GuardedAtk/Looped/All/Shorted/GuardedAtkShorted14.png using Guid(d08fcb740433a2a47a5eeb28e763ea28) Importer(815301076,1909f56bfc062723c751e8b465ee728b) [PhysX] Initialized MultithreadedTaskDispatcher with 16 workers.
[PhysX] Initialized MultithreadedTaskDispatcher with 16 workers.
 -> (artifact id: '05c3318f9dabb85dd5af45aaa819841b') in 0.021215 seconds
Number of updated asset objects reloaded before import = 0
Number of asset objects unloaded after import = 3
========================================================================
Received Import Request.
  Time since last request: 0.000025 seconds.
  path: Assets/Sprites/paladin/Paladin/Sprites/Attacks/GuardedAtk/Looped/All/Shorted/GuardedAtkShorted12.png
  artifactKey: Guid(4259f283530d34343a2266016453fb37) Importer(815301076,1909f56bfc062723c751e8b465ee728b)
Start importing Assets/Sprites/paladin/Paladin/Sprites/Attacks/GuardedAtk/Looped/All/Shorted/GuardedAtkShorted12.png using Guid(4259f283530d34343a2266016453fb37) Importer(815301076,1909f56bfc062723c751e8b465ee728b) [PhysX] Initialized MultithreadedTaskDispatcher with 16 workers.
[PhysX] Initialized MultithreadedTaskDispatcher with 16 workers.
 -> (artifact id: 'd09dd23631ffc533f70b84ce20e497cd') in 0.015089 seconds
Number of updated asset objects reloaded before import = 0
Number of asset objects unloaded after import = 3
========================================================================
Received Import Request.
  Time since last request: 0.000023 seconds.
  path: Assets/Sprites/paladin/Paladin/Sprites/Attacks/GuardedAtk/Looped/All/Shorted/GuardedAtkShorted7.png
  artifactKey: Guid(74900de92c9965344be9bf3f08beb245) Importer(815301076,1909f56bfc062723c751e8b465ee728b)
Start importing Assets/Sprites/paladin/Paladin/Sprites/Attacks/GuardedAtk/Looped/All/Shorted/GuardedAtkShorted7.png using Guid(74900de92c9965344be9bf3f08beb245) Importer(815301076,1909f56bfc062723c751e8b465ee728b) [PhysX] Initialized MultithreadedTaskDispatcher with 16 workers.
[PhysX] Initialized MultithreadedTaskDispatcher with 16 workers.
 -> (artifact id: '5d2f5e7f6ab1058421c52b6fc521f39f') in 0.010378 seconds
Number of updated asset objects reloaded before import = 0
Number of asset objects unloaded after import = 3
========================================================================
Received Import Request.
  Time since last request: 3.883004 seconds.
  path: Assets/Sprites/paladin/Paladin/Sprites/Attacks/GuardedAtk/Looped/All/FX2/GuardedAtkLoop(FX2)2.png
  artifactKey: Guid(37012fa56124b904f86f300f9f219c41) Importer(815301076,1909f56bfc062723c751e8b465ee728b)
Start importing Assets/Sprites/paladin/Paladin/Sprites/Attacks/GuardedAtk/Looped/All/FX2/GuardedAtkLoop(FX2)2.png using Guid(37012fa56124b904f86f300f9f219c41) Importer(815301076,1909f56bfc062723c751e8b465ee728b) [PhysX] Initialized MultithreadedTaskDispatcher with 16 workers.
[PhysX] Initialized MultithreadedTaskDispatcher with 16 workers.
 -> (artifact id: 'fc7195d488c25898c9d8ff6ddf2afb66') in 0.018532 seconds
Number of updated asset objects reloaded before import = 0
Number of asset objects unloaded after import = 3
========================================================================
Received Import Request.
  Time since last request: 0.000026 seconds.
  path: Assets/Sprites/paladin/Paladin/Sprites/Attacks/GuardedAtk/Looped/All/FX2/GuardedAtkLoop(FX2)3.png
  artifactKey: Guid(1fffeac2c0b1aa3449c0d146f72af199) Importer(815301076,1909f56bfc062723c751e8b465ee728b)
Start importing Assets/Sprites/paladin/Paladin/Sprites/Attacks/GuardedAtk/Looped/All/FX2/GuardedAtkLoop(FX2)3.png using Guid(1fffeac2c0b1aa3449c0d146f72af199) Importer(815301076,1909f56bfc062723c751e8b465ee728b) [PhysX] Initialized MultithreadedTaskDispatcher with 16 workers.
[PhysX] Initialized MultithreadedTaskDispatcher with 16 workers.
 -> (artifact id: 'e9d254d3e6e0ba0238147243eb3487ca') in 0.016329 seconds
Number of updated asset objects reloaded before import = 0
Number of asset objects unloaded after import = 3
========================================================================
Received Import Request.
  Time since last request: 0.000045 seconds.
  path: Assets/Sprites/paladin/Paladin/Sprites/Attacks/GuardedAtk/Looped/All/FX2/GuardedAtkLoop(FX2)11.png
  artifactKey: Guid(6ba245da1b94cdd48beb8b378f3c5695) Importer(815301076,1909f56bfc062723c751e8b465ee728b)
Start importing Assets/Sprites/paladin/Paladin/Sprites/Attacks/GuardedAtk/Looped/All/FX2/GuardedAtkLoop(FX2)11.png using Guid(6ba245da1b94cdd48beb8b378f3c5695) Importer(815301076,1909f56bfc062723c751e8b465ee728b) [PhysX] Initialized MultithreadedTaskDispatcher with 16 workers.
[PhysX] Initialized MultithreadedTaskDispatcher with 16 workers.
 -> (artifact id: '8b16663986baac97d1005c168292cdf8') in 0.030383 seconds
Number of updated asset objects reloaded before import = 0
Number of asset objects unloaded after import = 3
========================================================================
Received Import Request.
  Time since last request: 0.000174 seconds.
  path: Assets/Sprites/paladin/Paladin/Sprites/Attacks/GuardedAtk/Looped/All/FX2/GuardedAtkLoop(FX2)13.png
  artifactKey: Guid(cc5f753f6b3c53541811211da38d4f16) Importer(815301076,1909f56bfc062723c751e8b465ee728b)
Start importing Assets/Sprites/paladin/Paladin/Sprites/Attacks/GuardedAtk/Looped/All/FX2/GuardedAtkLoop(FX2)13.png using Guid(cc5f753f6b3c53541811211da38d4f16) Importer(815301076,1909f56bfc062723c751e8b465ee728b) [PhysX] Initialized MultithreadedTaskDispatcher with 16 workers.
[PhysX] Initialized MultithreadedTaskDispatcher with 16 workers.
 -> (artifact id: '9c8a12f7b11401b7fdc891b5101d4ff9') in 0.023209 seconds
Number of updated asset objects reloaded before import = 0
Number of asset objects unloaded after import = 3
========================================================================
Received Import Request.
  Time since last request: 0.000032 seconds.
  path: Assets/Sprites/paladin/Paladin/Sprites/Attacks/GuardedAtk/Looped/All/FX2/GuardedAtkLoop(FX2)6.png
  artifactKey: Guid(2c45b57cd5ec0c744817782de2a96162) Importer(815301076,1909f56bfc062723c751e8b465ee728b)
Start importing Assets/Sprites/paladin/Paladin/Sprites/Attacks/GuardedAtk/Looped/All/FX2/GuardedAtkLoop(FX2)6.png using Guid(2c45b57cd5ec0c744817782de2a96162) Importer(815301076,1909f56bfc062723c751e8b465ee728b) [PhysX] Initialized MultithreadedTaskDispatcher with 16 workers.
[PhysX] Initialized MultithreadedTaskDispatcher with 16 workers.
 -> (artifact id: 'cd59bd5c03817a4db25bf5d72bc2d722') in 0.020500 seconds
Number of updated asset objects reloaded before import = 0
Number of asset objects unloaded after import = 3
========================================================================
Received Import Request.
  Time since last request: 0.000018 seconds.
  path: Assets/Sprites/paladin/Paladin/Sprites/Attacks/GuardedAtk/Looped/All/FX2/GuardedAtkLoop(FX2)10.png
  artifactKey: Guid(f6bbbdaf3eb3fea4dba7b8567186e60f) Importer(815301076,1909f56bfc062723c751e8b465ee728b)
Start importing Assets/Sprites/paladin/Paladin/Sprites/Attacks/GuardedAtk/Looped/All/FX2/GuardedAtkLoop(FX2)10.png using Guid(f6bbbdaf3eb3fea4dba7b8567186e60f) Importer(815301076,1909f56bfc062723c751e8b465ee728b) [PhysX] Initialized MultithreadedTaskDispatcher with 16 workers.
[PhysX] Initialized MultithreadedTaskDispatcher with 16 workers.
 -> (artifact id: '8a07a6bdb6bede96808c7f8421f1521c') in 0.017243 seconds
Number of updated asset objects reloaded before import = 0
Number of asset objects unloaded after import = 3
========================================================================
Received Import Request.
  Time since last request: 0.000019 seconds.
  path: Assets/Sprites/paladin/Paladin/Sprites/Attacks/GuardedAtk/Looped/All/FX2/GuardedAtkLoop(FX2)5.png
  artifactKey: Guid(b8ad6a1a4030fe548acba80621f626b8) Importer(815301076,1909f56bfc062723c751e8b465ee728b)
Start importing Assets/Sprites/paladin/Paladin/Sprites/Attacks/GuardedAtk/Looped/All/FX2/GuardedAtkLoop(FX2)5.png using Guid(b8ad6a1a4030fe548acba80621f626b8) Importer(815301076,1909f56bfc062723c751e8b465ee728b) [PhysX] Initialized MultithreadedTaskDispatcher with 16 workers.
[PhysX] Initialized MultithreadedTaskDispatcher with 16 workers.
 -> (artifact id: '88221e165703dce973ceeeded251d263') in 0.031055 seconds
Number of updated asset objects reloaded before import = 0
Number of asset objects unloaded after import = 3
========================================================================
Received Import Request.
  Time since last request: 4.098857 seconds.
  path: Assets/Sprites/paladin/Paladin/Sprites/Attacks/GuardedAtk/Looped/1/GuardedAtkMidle3.png
  artifactKey: Guid(74e2013c65df9f94ea3f5f4831ce8959) Importer(815301076,1909f56bfc062723c751e8b465ee728b)
Start importing Assets/Sprites/paladin/Paladin/Sprites/Attacks/GuardedAtk/Looped/1/GuardedAtkMidle3.png using Guid(74e2013c65df9f94ea3f5f4831ce8959) Importer(815301076,1909f56bfc062723c751e8b465ee728b) [PhysX] Initialized MultithreadedTaskDispatcher with 16 workers.
[PhysX] Initialized MultithreadedTaskDispatcher with 16 workers.
 -> (artifact id: 'd2b7db2066f73469f2a85143d80263c1') in 0.024150 seconds
Number of updated asset objects reloaded before import = 0
Number of asset objects unloaded after import = 3
========================================================================
Received Import Request.
  Time since last request: 0.000019 seconds.
  path: Assets/Sprites/paladin/Paladin/Sprites/Attacks/GuardedAtk/Looped/1/GuardedAtkMidle5.png
  artifactKey: Guid(91d12cc74cc9c0b48927ebf766af623a) Importer(815301076,1909f56bfc062723c751e8b465ee728b)
Start importing Assets/Sprites/paladin/Paladin/Sprites/Attacks/GuardedAtk/Looped/1/GuardedAtkMidle5.png using Guid(91d12cc74cc9c0b48927ebf766af623a) Importer(815301076,1909f56bfc062723c751e8b465ee728b) [PhysX] Initialized MultithreadedTaskDispatcher with 16 workers.
[PhysX] Initialized MultithreadedTaskDispatcher with 16 workers.
 -> (artifact id: '7e71708d9d8eb66b85827ad3c526abc4') in 0.013008 seconds
Number of updated asset objects reloaded before import = 0
Number of asset objects unloaded after import = 3
========================================================================
Received Import Request.
  Time since last request: 8.782071 seconds.
  path: Assets/Sprites/paladin/Paladin/Sprites/Attacks/GuardedAtk/Looped/2/GuardedAtkUP3.png
  artifactKey: Guid(569e8df848d3d97488b1db54f5d1cf8f) Importer(815301076,1909f56bfc062723c751e8b465ee728b)
Start importing Assets/Sprites/paladin/Paladin/Sprites/Attacks/GuardedAtk/Looped/2/GuardedAtkUP3.png using Guid(569e8df848d3d97488b1db54f5d1cf8f) Importer(815301076,1909f56bfc062723c751e8b465ee728b) [PhysX] Initialized MultithreadedTaskDispatcher with 16 workers.
[PhysX] Initialized MultithreadedTaskDispatcher with 16 workers.
 -> (artifact id: '459255bdcb9c33c77e7e4a24cbf2fe13') in 0.026093 seconds
Number of updated asset objects reloaded before import = 0
Number of asset objects unloaded after import = 3
========================================================================
Received Import Request.
  Time since last request: 2.034283 seconds.
  path: Assets/Sprites/paladin/Paladin/Sprites/Attacks/GuardedAtk/Looped/3/GuardedAtkDown3.png
  artifactKey: Guid(f44d98ea75915c64a9db17103de09f84) Importer(815301076,1909f56bfc062723c751e8b465ee728b)
Start importing Assets/Sprites/paladin/Paladin/Sprites/Attacks/GuardedAtk/Looped/3/GuardedAtkDown3.png using Guid(f44d98ea75915c64a9db17103de09f84) Importer(815301076,1909f56bfc062723c751e8b465ee728b) [PhysX] Initialized MultithreadedTaskDispatcher with 16 workers.
[PhysX] Initialized MultithreadedTaskDispatcher with 16 workers.
 -> (artifact id: 'b93a7d1eec1100891f12f4cd37012c0f') in 0.033450 seconds
Number of updated asset objects reloaded before import = 0
Number of asset objects unloaded after import = 3
Editor requested this worker to shutdown with reason: Scaling down because of idle timeout
TcpMessagingSession - receive error: operation aborted. errorcode: 995, details: 스레드 종료 또는 응용 프로그램 요청 때문에 I/O 작업이 취소되었습니다.
AssetImportWorker is now disconnected from the server
Process exiting
Exiting without the bug reporter. Application will terminate with return code 0